/1545_18900.html.processed
START WORD
cat: /1545_18900.html.processed: No such file or directory
START CLAUSE
/1545_18900.html.processed
cat: /1545_18900.html.processed: No such file or directory
/1546_21469.html.processed
START WORD
cat: /1546_21469.html.processed: No such file or directory
START CLAUSE
/1546_21469.html.processed
cat: /1546_21469.html.processed: No such file or directory
/1547_21470.html.processed
START WORD
cat: /1547_21470.html.processed: No such file or directory
START CLAUSE
/1547_21470.html.processed
cat: /1547_21470.html.processed: No such file or directory
/1548_21471.html.processed
START WORD
cat: /1548_21471.html.processed: No such file or directory
START CLAUSE
/1548_21471.html.processed
cat: /1548_21471.html.processed: No such file or directory
/1549_21472.html.processed
START WORD
cat: /1549_21472.html.processed: No such file or directory
START CLAUSE
/1549_21472.html.processed
cat: /1549_21472.html.processed: No such file or directory
/1550_21473.html.processed
START WORD
cat: /1550_21473.html.processed: No such file or directory
START CLAUSE
/1550_21473.html.processed
cat: /1550_21473.html.processed: No such file or directory
/1551_21474.html.processed
START WORD
cat: /1551_21474.html.processed: No such file or directory
START CLAUSE
/1551_21474.html.processed
cat: /1551_21474.html.processed: No such file or directory
/1552_21475.html.processed
START WORD
cat: /1552_21475.html.processed: No such file or directory
START CLAUSE
/1552_21475.html.processed
cat: /1552_21475.html.processed: No such file or directory
/1553_21476.html.processed
START WORD
cat: /1553_21476.html.processed: No such file or directory
START CLAUSE
/1553_21476.html.processed
cat: /1553_21476.html.processed: No such file or directory
/1554_21477.html.processed
START WORD
cat: /1554_21477.html.processed: No such file or directory
START CLAUSE
/1554_21477.html.processed
cat: /1554_21477.html.processed: No such file or directory
/1555_21478.html.processed
START WORD
cat: /1555_21478.html.processed: No such file or directory
START CLAUSE
/1555_21478.html.processed
cat: /1555_21478.html.processed: No such file or directory
/45960_24248.html.processed
START WORD
cat: /45960_24248.html.processed: No such file or directory
START CLAUSE
/45960_24248.html.processed
cat: /45960_24248.html.processed: No such file or directory
/45961_21738.html.processed
START WORD
cat: /45961_21738.html.processed: No such file or directory
START CLAUSE
/45961_21738.html.processed
cat: /45961_21738.html.processed: No such file or directory
/45962_21741.html.processed
START WORD
cat: /45962_21741.html.processed: No such file or directory
START CLAUSE
/45962_21741.html.processed
cat: /45962_21741.html.processed: No such file or directory
/45963_21736.html.processed
START WORD
cat: /45963_21736.html.processed: No such file or directory
START CLAUSE
/45963_21736.html.processed
cat: /45963_21736.html.processed: No such file or directory
/45964_21737.html.processed
START WORD
cat: /45964_21737.html.processed: No such file or directory
START CLAUSE
/45964_21737.html.processed
cat: /45964_21737.html.processed: No such file or directory
/45965_21742.html.processed
START WORD
cat: /45965_21742.html.processed: No such file or directory
START CLAUSE
/45965_21742.html.processed
cat: /45965_21742.html.processed: No such file or directory
/45966_21739.html.processed
START WORD
cat: /45966_21739.html.processed: No such file or directory
START CLAUSE
/45966_21739.html.processed
cat: /45966_21739.html.processed: No such file or directory
/45967_21740.html.processed
START WORD
cat: /45967_21740.html.processed: No such file or directory
START CLAUSE
/45967_21740.html.processed
cat: /45967_21740.html.processed: No such file or directory
/45968_24252.html.processed
START WORD
cat: /45968_24252.html.processed: No such file or directory
START CLAUSE
/45968_24252.html.processed
cat: /45968_24252.html.processed: No such file or directory
/46197_24235.html.processed
START WORD
cat: /46197_24235.html.processed: No such file or directory
START CLAUSE
/46197_24235.html.processed
cat: /46197_24235.html.processed: No such file or directory
/46198_24236.html.processed
START WORD
cat: /46198_24236.html.processed: No such file or directory
START CLAUSE
/46198_24236.html.processed
cat: /46198_24236.html.processed: No such file or directory
/46199_24237.html.processed
START WORD
cat: /46199_24237.html.processed: No such file or directory
START CLAUSE
/46199_24237.html.processed
cat: /46199_24237.html.processed: No such file or directory
/46200_24238.html.processed
START WORD
cat: /46200_24238.html.processed: No such file or directory
START CLAUSE
/46200_24238.html.processed
cat: /46200_24238.html.processed: No such file or directory
/46201_24239.html.processed
START WORD
cat: /46201_24239.html.processed: No such file or directory
START CLAUSE
/46201_24239.html.processed
cat: /46201_24239.html.processed: No such file or directory
/46202_24240.html.processed
START WORD
cat: /46202_24240.html.processed: No such file or directory
START CLAUSE
/46202_24240.html.processed
cat: /46202_24240.html.processed: No such file or directory
/46203_24241.html.processed
START WORD
cat: /46203_24241.html.processed: No such file or directory
START CLAUSE
/46203_24241.html.processed
cat: /46203_24241.html.processed: No such file or directory
/46393_24242.html.processed
START WORD
cat: /46393_24242.html.processed: No such file or directory
START CLAUSE
/46393_24242.html.processed
cat: /46393_24242.html.processed: No such file or directory
/46394_24243.html.processed
START WORD
cat: /46394_24243.html.processed: No such file or directory
START CLAUSE
/46394_24243.html.processed
cat: /46394_24243.html.processed: No such file or directory
/46395_24244.html.processed
START WORD
cat: /46395_24244.html.processed: No such file or directory
START CLAUSE
/46395_24244.html.processed
cat: /46395_24244.html.processed: No such file or directory
/46396_24245.html.processed
START WORD
cat: /46396_24245.html.processed: No such file or directory
START CLAUSE
/46396_24245.html.processed
cat: /46396_24245.html.processed: No such file or directory
/46397_24246.html.processed
START WORD
cat: /46397_24246.html.processed: No such file or directory
START CLAUSE
/46397_24246.html.processed
cat: /46397_24246.html.processed: No such file or directory
/46398_24247.html.processed
START WORD
cat: /46398_24247.html.processed: No such file or directory
START CLAUSE
/46398_24247.html.processed
cat: /46398_24247.html.processed: No such file or directory
/46399_24249.html.processed
START WORD
cat: /46399_24249.html.processed: No such file or directory
START CLAUSE
/46399_24249.html.processed
cat: /46399_24249.html.processed: No such file or directory
/46400_24250.html.processed
START WORD
cat: /46400_24250.html.processed: No such file or directory
START CLAUSE
/46400_24250.html.processed
cat: /46400_24250.html.processed: No such file or directory
/46401_24251.html.processed
START WORD
cat: /46401_24251.html.processed: No such file or directory
START CLAUSE
/46401_24251.html.processed
cat: /46401_24251.html.processed: No such file or directory
/46538_24253.html.processed
START WORD
cat: /46538_24253.html.processed: No such file or directory
START CLAUSE
/46538_24253.html.processed
cat: /46538_24253.html.processed: No such file or directory
/46539_24254.html.processed
START WORD
cat: /46539_24254.html.processed: No such file or directory
START CLAUSE
/46539_24254.html.processed
cat: /46539_24254.html.processed: No such file or directory
/46540_24255.html.processed
START WORD
cat: /46540_24255.html.processed: No such file or directory
START CLAUSE
/46540_24255.html.processed
cat: /46540_24255.html.processed: No such file or directory
/46541_24256.html.processed
START WORD
cat: /46541_24256.html.processed: No such file or directory
START CLAUSE
/46541_24256.html.processed
cat: /46541_24256.html.processed: No such file or directory
/46542_24257.html.processed
START WORD
cat: /46542_24257.html.processed: No such file or directory
START CLAUSE
/46542_24257.html.processed
cat: /46542_24257.html.processed: No such file or directory
/46543_24258.html.processed
START WORD
cat: /46543_24258.html.processed: No such file or directory
START CLAUSE
/46543_24258.html.processed
cat: /46543_24258.html.processed: No such file or directory
/46544_24259.html.processed
START WORD
cat: /46544_24259.html.processed: No such file or directory
START CLAUSE
/46544_24259.html.processed
cat: /46544_24259.html.processed: No such file or directory
/46545_24260.html.processed
START WORD
cat: /46545_24260.html.processed: No such file or directory
START CLAUSE
/46545_24260.html.processed
cat: /46545_24260.html.processed: No such file or directory
/46546_24261.html.processed
START WORD
cat: /46546_24261.html.processed: No such file or directory
START CLAUSE
/46546_24261.html.processed
cat: /46546_24261.html.processed: No such file or directory
/46637_25176.html.processed
START WORD
cat: /46637_25176.html.processed: No such file or directory
START CLAUSE
/46637_25176.html.processed
cat: /46637_25176.html.processed: No such file or directory
/46638_25177.html.processed
START WORD
cat: /46638_25177.html.processed: No such file or directory
START CLAUSE
/46638_25177.html.processed
cat: /46638_25177.html.processed: No such file or directory
/46639_25178.html.processed
START WORD
cat: /46639_25178.html.processed: No such file or directory
START CLAUSE
/46639_25178.html.processed
cat: /46639_25178.html.processed: No such file or directory
/46640_25179.html.processed
START WORD
cat: /46640_25179.html.processed: No such file or directory
START CLAUSE
/46640_25179.html.processed
cat: /46640_25179.html.processed: No such file or directory
/46641_25180.html.processed
START WORD
cat: /46641_25180.html.processed: No such file or directory
START CLAUSE
/46641_25180.html.processed
cat: /46641_25180.html.processed: No such file or directory
/46642_25181.html.processed
START WORD
cat: /46642_25181.html.processed: No such file or directory
START CLAUSE
/46642_25181.html.processed
cat: /46642_25181.html.processed: No such file or directory
/46760_25749.html.processed
START WORD
cat: /46760_25749.html.processed: No such file or directory
START CLAUSE
/46760_25749.html.processed
cat: /46760_25749.html.processed: No such file or directory
/46761_25750.html.processed
START WORD
cat: /46761_25750.html.processed: No such file or directory
START CLAUSE
/46761_25750.html.processed
cat: /46761_25750.html.processed: No such file or directory
/46762_25751.html.processed
START WORD
cat: /46762_25751.html.processed: No such file or directory
START CLAUSE
/46762_25751.html.processed
cat: /46762_25751.html.processed: No such file or directory
/46763_25752.html.processed
START WORD
cat: /46763_25752.html.processed: No such file or directory
START CLAUSE
/46763_25752.html.processed
cat: /46763_25752.html.processed: No such file or directory
/46764_25753.html.processed
START WORD
cat: /46764_25753.html.processed: No such file or directory
START CLAUSE
/46764_25753.html.processed
cat: /46764_25753.html.processed: No such file or directory
/46836_26161.html.processed
START WORD
cat: /46836_26161.html.processed: No such file or directory
START CLAUSE
/46836_26161.html.processed
cat: /46836_26161.html.processed: No such file or directory
/46837_26162.html.processed
START WORD
cat: /46837_26162.html.processed: No such file or directory
START CLAUSE
/46837_26162.html.processed
cat: /46837_26162.html.processed: No such file or directory
/46838_26163.html.processed
START WORD
cat: /46838_26163.html.processed: No such file or directory
START CLAUSE
/46838_26163.html.processed
cat: /46838_26163.html.processed: No such file or directory
/46839_26164.html.processed
START WORD
cat: /46839_26164.html.processed: No such file or directory
START CLAUSE
/46839_26164.html.processed
cat: /46839_26164.html.processed: No such file or directory
/46840_26165.html.processed
START WORD
cat: /46840_26165.html.processed: No such file or directory
START CLAUSE
/46840_26165.html.processed
cat: /46840_26165.html.processed: No such file or directory
/46841_26166.html.processed
START WORD
cat: /46841_26166.html.processed: No such file or directory
START CLAUSE
/46841_26166.html.processed
cat: /46841_26166.html.processed: No such file or directory
/46842_26167.html.processed
START WORD
cat: /46842_26167.html.processed: No such file or directory
START CLAUSE
/46842_26167.html.processed
cat: /46842_26167.html.processed: No such file or directory
/46843_26168.html.processed
START WORD
cat: /46843_26168.html.processed: No such file or directory
START CLAUSE
/46843_26168.html.processed
cat: /46843_26168.html.processed: No such file or directory
/46844_26169.html.processed
START WORD
cat: /46844_26169.html.processed: No such file or directory
START CLAUSE
/46844_26169.html.processed
cat: /46844_26169.html.processed: No such file or directory
/47003_26574.html.processed
START WORD
cat: /47003_26574.html.processed: No such file or directory
START CLAUSE
/47003_26574.html.processed
cat: /47003_26574.html.processed: No such file or directory
/47004_26575.html.processed
START WORD
cat: /47004_26575.html.processed: No such file or directory
START CLAUSE
/47004_26575.html.processed
cat: /47004_26575.html.processed: No such file or directory
/47005_26576.html.processed
START WORD
cat: /47005_26576.html.processed: No such file or directory
START CLAUSE
/47005_26576.html.processed
cat: /47005_26576.html.processed: No such file or directory
/47006_26577.html.processed
START WORD
cat: /47006_26577.html.processed: No such file or directory
START CLAUSE
/47006_26577.html.processed
cat: /47006_26577.html.processed: No such file or directory
/47007_26578.html.processed
START WORD
cat: /47007_26578.html.processed: No such file or directory
START CLAUSE
/47007_26578.html.processed
cat: /47007_26578.html.processed: No such file or directory
/47008_26581.html.processed
START WORD
cat: /47008_26581.html.processed: No such file or directory
START CLAUSE
/47008_26581.html.processed
cat: /47008_26581.html.processed: No such file or directory
/47009_26579.html.processed
START WORD
cat: /47009_26579.html.processed: No such file or directory
START CLAUSE
/47009_26579.html.processed
cat: /47009_26579.html.processed: No such file or directory
/47010_26580.html.processed
START WORD
cat: /47010_26580.html.processed: No such file or directory
START CLAUSE
/47010_26580.html.processed
cat: /47010_26580.html.processed: No such file or directory
/47035_26815.html.processed
START WORD
cat: /47035_26815.html.processed: No such file or directory
START CLAUSE
/47035_26815.html.processed
cat: /47035_26815.html.processed: No such file or directory
/47036_26816.html.processed
START WORD
cat: /47036_26816.html.processed: No such file or directory
START CLAUSE
/47036_26816.html.processed
cat: /47036_26816.html.processed: No such file or directory
/47037_26817.html.processed
START WORD
cat: /47037_26817.html.processed: No such file or directory
START CLAUSE
/47037_26817.html.processed
cat: /47037_26817.html.processed: No such file or directory
/47038_26818.html.processed
START WORD
cat: /47038_26818.html.processed: No such file or directory
START CLAUSE
/47038_26818.html.processed
cat: /47038_26818.html.processed: No such file or directory
/47039_26819.html.processed
START WORD
cat: /47039_26819.html.processed: No such file or directory
START CLAUSE
/47039_26819.html.processed
cat: /47039_26819.html.processed: No such file or directory
/47040_26820.html.processed
START WORD
cat: /47040_26820.html.processed: No such file or directory
START CLAUSE
/47040_26820.html.processed
cat: /47040_26820.html.processed: No such file or directory
/47041_26821.html.processed
START WORD
cat: /47041_26821.html.processed: No such file or directory
START CLAUSE
/47041_26821.html.processed
cat: /47041_26821.html.processed: No such file or directory
1545_18900.html.processed
/Users/taku/works/aozora_scrape/person270/text_processed/1545_18900.html.processed
START WORD
cut: stdin: Illegal byte sequence
cut: stdin: Illegal byte sequence
cut: stdin: Illegal byte sequence
cut: stdin: Illegal byte sequence
cut: stdin: Illegal byte sequence
cut: stdin: Illegal byte sequence
cut: stdin: Illegal byte sequence
cut: stdin: Illegal byte sequence
cut: stdin: Illegal byte sequence
cut: stdin: Illegal byte sequence
cut: stdin: Illegal byte sequence
cut: stdin: Illegal byte sequence
cut: stdin: Illegal byte sequence
cut: stdin: Illegal byte sequence
cut: stdin: Illegal byte sequence
cut: stdin: Illegal byte sequence
cut: stdin: Illegal byte sequence
cut: stdin: Illegal byte sequence
cut: stdin: Illegal byte sequence
cut: stdin: Illegal byte sequence
cut: stdin: Illegal byte sequence
cut: stdin: Illegal byte sequence
cut: stdin: Illegal byte sequence
cut: stdin: Illegal byte sequence
cut: stdin: Illegal byte sequence
cut: stdin: Illegal byte sequence
cut: stdin: Illegal byte sequence
START CLAUSE
/Users/taku/works/aozora_scrape/person270/text_processed/1545_18900.html.processed
sed: RE error: illegal byte sequence
sed: RE error: illegal byte sequence
sed: RE error: illegal byte sequence
sed: RE error: illegal byte sequence
sed: RE error: illegal byte sequence
sed: RE error: illegal byte sequence
sed: RE error: illegal byte sequence
sed: RE error: illegal byte sequence
sed: RE error: illegal byte sequence
sed: RE error: illegal byte sequence
sed: RE error: illegal byte sequence
sed: RE error: illegal byte sequence
sed: RE error: illegal byte sequence
sed: RE error: illegal byte sequence
sed: RE error: illegal byte sequence
sed: RE error: illegal byte sequence
sed: RE error: illegal byte sequence
1546_21469.html.processed
/Users/taku/works/aozora_scrape/person270/text_processed/1546_21469.html.processed
START WORD
cut: stdin: Illegal byte sequence
cut: stdin: Illegal byte sequence
cut: stdin: Illegal byte sequence
cut: stdin: Illegal byte sequence
cut: stdin: Illegal byte sequence
cut: stdin: Illegal byte sequence
cut: stdin: Illegal byte sequence
cut: stdin: Illegal byte sequence
cut: stdin: Illegal byte sequence
cut: stdin: Illegal byte sequence
START CLAUSE
/Users/taku/works/aozora_scrape/person270/text_processed/1546_21469.html.processed
sed: RE error: illegal byte sequence
sed: RE error: illegal byte sequence
sed: RE error: illegal byte sequence
1547_21470.html.processed
/Users/taku/works/aozora_scrape/person270/text_processed/1547_21470.html.processed
START WORD
cut: stdin: Illegal byte sequence
cut: stdin: Illegal byte sequence
cut: stdin: Illegal byte sequence
cut: stdin: Illegal byte sequence
cut: stdin: Illegal byte sequence
cut: stdin: Illegal byte sequence
cut: stdin: Illegal byte sequence
cut: stdin: Illegal byte sequence
cut: stdin: Illegal byte sequence
cut: stdin: Illegal byte sequence
cut: stdin: Illegal byte sequence
START CLAUSE
/Users/taku/works/aozora_scrape/person270/text_processed/1547_21470.html.processed
sed: RE error: illegal byte sequence
sed: RE error: illegal byte sequence
sed: RE error: illegal byte sequence
1548_21471.html.processed
/Users/taku/works/aozora_scrape/person270/text_processed/1548_21471.html.processed
START WORD
cut: stdin: Illegal byte sequence
cut: stdin: Illegal byte sequence
cut: stdin: Illegal byte sequence
cut: stdin: Illegal byte sequence
cut: stdin: Illegal byte sequence
START CLAUSE
/Users/taku/works/aozora_scrape/person270/text_processed/1548_21471.html.processed
sed: RE error: illegal byte sequence
sed: RE error: illegal byte sequence
cut: stdin: Illegal byte sequence
cut: stdin: Illegal byte sequence
1549_21472.html.processed
/Users/taku/works/aozora_scrape/person270/text_processed/1549_21472.html.processed
START WORD
cut: stdin: Illegal byte sequence
START CLAUSE
/Users/taku/works/aozora_scrape/person270/text_processed/1549_21472.html.processed
sed: RE error: illegal byte sequence
cut: stdin: Illegal byte sequence
1550_21473.html.processed
/Users/taku/works/aozora_scrape/person270/text_processed/1550_21473.html.processed
START WORD
cut: stdin: Illegal byte sequence
cut: stdin: Illegal byte sequence
cut: stdin: Illegal byte sequence
cut: stdin: Illegal byte sequence
cut: stdin: Illegal byte sequence
cut: stdin: Illegal byte sequence
START CLAUSE
/Users/taku/works/aozora_scrape/person270/text_processed/1550_21473.html.processed
sed: RE error: illegal byte sequence
sed: RE error: illegal byte sequence
cut: stdin: Illegal byte sequence
1551_21474.html.processed
/Users/taku/works/aozora_scrape/person270/text_processed/1551_21474.html.processed
START WORD
cut: stdin: Illegal byte sequence
cut: stdin: Illegal byte sequence
cut: stdin: Illegal byte sequence
cut: stdin: Illegal byte sequence
cut: stdin: Illegal byte sequence
cut: stdin: Illegal byte sequence
cut: stdin: Illegal byte sequence
cut: stdin: Illegal byte sequence
cut: stdin: Illegal byte sequence
cut: stdin: Illegal byte sequence
cut: stdin: Illegal byte sequence
cut: stdin: Illegal byte sequence
cut: stdin: Illegal byte sequence
cut: stdin: Illegal byte sequence
cut: stdin: Illegal byte sequence
cut: stdin: Illegal byte sequence
cut: stdin: Illegal byte sequence
cut: stdin: Illegal byte sequence
START CLAUSE
/Users/taku/works/aozora_scrape/person270/text_processed/1551_21474.html.processed
sed: RE error: illegal byte sequence
sed: RE error: illegal byte sequence
sed: RE error: illegal byte sequence
sed: RE error: illegal byte sequence
sed: RE error: illegal byte sequence
sed: RE error: illegal byte sequence
sed: RE error: illegal byte sequence
cut: stdin: Illegal byte sequence
1552_21475.html.processed
/Users/taku/works/aozora_scrape/person270/text_processed/1552_21475.html.processed
START WORD
cut: stdin: Illegal byte sequence
cut: stdin: Illegal byte sequence
cut: stdin: Illegal byte sequence
cut: stdin: Illegal byte sequence
cut: stdin: Illegal byte sequence
cut: stdin: Illegal byte sequence
cut: stdin: Illegal byte sequence
cut: stdin: Illegal byte sequence
cut: stdin: Illegal byte sequence
cut: stdin: Illegal byte sequence
START CLAUSE
/Users/taku/works/aozora_scrape/person270/text_processed/1552_21475.html.processed
sed: RE error: illegal byte sequence
sed: RE error: illegal byte sequence
sed: RE error: illegal byte sequence
sed: RE error: illegal byte sequence
sed: RE error: illegal byte sequence
sed: RE error: illegal byte sequence
sed: RE error: illegal byte sequence
sed: RE error: illegal byte sequence
sed: RE error: illegal byte sequence
sed: RE error: illegal byte sequence
sed: RE error: illegal byte sequence
sed: RE error: illegal byte sequence
sed: RE error: illegal byte sequence
sed: RE error: illegal byte sequence
sed: RE error: illegal byte sequence
1553_21476.html.processed
/Users/taku/works/aozora_scrape/person270/text_processed/1553_21476.html.processed
START WORD
cut: stdin: Illegal byte sequence
cut: stdin: Illegal byte sequence
cut: stdin: Illegal byte sequence
cut: stdin: Illegal byte sequence
cut: stdin: Illegal byte sequence
cut: stdin: Illegal byte sequence
cut: stdin: Illegal byte sequence
START CLAUSE
/Users/taku/works/aozora_scrape/person270/text_processed/1553_21476.html.processed
sed: RE error: illegal byte sequence
sed: RE error: illegal byte sequence
1554_21477.html.processed
/Users/taku/works/aozora_scrape/person270/text_processed/1554_21477.html.processed
START WORD
cut: stdin: Illegal byte sequence
cut: stdin: Illegal byte sequence
cut: stdin: Illegal byte sequence
START CLAUSE
/Users/taku/works/aozora_scrape/person270/text_processed/1554_21477.html.processed
1555_21478.html.processed
/Users/taku/works/aozora_scrape/person270/text_processed/1555_21478.html.processed
START WORD
cut: stdin: Illegal byte sequence
cut: stdin: Illegal byte sequence
cut: stdin: Illegal byte sequence
cut: stdin: Illegal byte sequence
START CLAUSE
/Users/taku/works/aozora_scrape/person270/text_processed/1555_21478.html.processed
sed: RE error: illegal byte sequence
sed: RE error: illegal byte sequence
sed: RE error: illegal byte sequence
sed: RE error: illegal byte sequence
sed: RE error: illegal byte sequence
sed: RE error: illegal byte sequence
sed: RE error: illegal byte sequence
45960_24248.html.processed
/Users/taku/works/aozora_scrape/person270/text_processed/45960_24248.html.processed
START WORD
cut: stdin: Illegal byte sequence
cut: stdin: Illegal byte sequence
cut: stdin: Illegal byte sequence
cut: stdin: Illegal byte sequence
cut: stdin: Illegal byte sequence
cut: stdin: Illegal byte sequence
cut: stdin: Illegal byte sequence
cut: stdin: Illegal byte sequence
START CLAUSE
/Users/taku/works/aozora_scrape/person270/text_processed/45960_24248.html.processed
sed: RE error: illegal byte sequence
cut: stdin: Illegal byte sequence
45961_21738.html.processed
/Users/taku/works/aozora_scrape/person270/text_processed/45961_21738.html.processed
START WORD
cut: stdin: Illegal byte sequence
cut: stdin: Illegal byte sequence
cut: stdin: Illegal byte sequence
cut: stdin: Illegal byte sequence
cut: stdin: Illegal byte sequence
cut: stdin: Illegal byte sequence
cut: stdin: Illegal byte sequence
cut: stdin: Illegal byte sequence
cut: stdin: Illegal byte sequence
cut: stdin: Illegal byte sequence
cut: stdin: Illegal byte sequence
cut: stdin: Illegal byte sequence
START CLAUSE
/Users/taku/works/aozora_scrape/person270/text_processed/45961_21738.html.processed
sed: RE error: illegal byte sequence
sed: RE error: illegal byte sequence
sed: RE error: illegal byte sequence
45962_21741.html.processed
/Users/taku/works/aozora_scrape/person270/text_processed/45962_21741.html.processed
START WORD
cut: stdin: Illegal byte sequence
cut: stdin: Illegal byte sequence
cut: stdin: Illegal byte sequence
cut: stdin: Illegal byte sequence
cut: stdin: Illegal byte sequence
cut: stdin: Illegal byte sequence
cut: stdin: Illegal byte sequence
cut: stdin: Illegal byte sequence
START CLAUSE
/Users/taku/works/aozora_scrape/person270/text_processed/45962_21741.html.processed
sed: RE error: illegal byte sequence
sed: RE error: illegal byte sequence
cut: stdin: Illegal byte sequence
sed: RE error: illegal byte sequence
sed: RE error: illegal byte sequence
sed: RE error: illegal byte sequence
45963_21736.html.processed
/Users/taku/works/aozora_scrape/person270/text_processed/45963_21736.html.processed
START WORD
cut: stdin: Illegal byte sequence
cut: stdin: Illegal byte sequence
cut: stdin: Illegal byte sequence
cut: stdin: Illegal byte sequence
cut: stdin: Illegal byte sequence
cut: stdin: Illegal byte sequence
cut: stdin: Illegal byte sequence
cut: stdin: Illegal byte sequence
cut: stdin: Illegal byte sequence
cut: stdin: Illegal byte sequence
cut: stdin: Illegal byte sequence
cut: stdin: Illegal byte sequence
START CLAUSE
/Users/taku/works/aozora_scrape/person270/text_processed/45963_21736.html.processed
sed: RE error: illegal byte sequence
sed: RE error: illegal byte sequence
45964_21737.html.processed
/Users/taku/works/aozora_scrape/person270/text_processed/45964_21737.html.processed
START WORD
cut: stdin: Illegal byte sequence
cut: stdin: Illegal byte sequence
cut: stdin: Illegal byte sequence
cut: stdin: Illegal byte sequence
cut: stdin: Illegal byte sequence
cut: stdin: Illegal byte sequence
cut: stdin: Illegal byte sequence
cut: stdin: Illegal byte sequence
cut: stdin: Illegal byte sequence
cut: stdin: Illegal byte sequence
cut: stdin: Illegal byte sequence
cut: stdin: Illegal byte sequence
cut: stdin: Illegal byte sequence
cut: stdin: Illegal byte sequence
cut: stdin: Illegal byte sequence
cut: stdin: Illegal byte sequence
cut: stdin: Illegal byte sequence
cut: stdin: Illegal byte sequence
cut: stdin: Illegal byte sequence
cut: stdin: Illegal byte sequence
cut: stdin: Illegal byte sequence
START CLAUSE
/Users/taku/works/aozora_scrape/person270/text_processed/45964_21737.html.processed
sed: RE error: illegal byte sequence
sed: RE error: illegal byte sequence
sed: RE error: illegal byte sequence
cut: stdin: Illegal byte sequence
sed: RE error: illegal byte sequence
sed: RE error: illegal byte sequence
sed: RE error: illegal byte sequence
sed: RE error: illegal byte sequence
sed: RE error: illegal byte sequence
sed: RE error: illegal byte sequence
sed: RE error: illegal byte sequence
45965_21742.html.processed
/Users/taku/works/aozora_scrape/person270/text_processed/45965_21742.html.processed
START WORD
cut: stdin: Illegal byte sequence
cut: stdin: Illegal byte sequence
cut: stdin: Illegal byte sequence
cut: stdin: Illegal byte sequence
cut: stdin: Illegal byte sequence
cut: stdin: Illegal byte sequence
cut: stdin: Illegal byte sequence
cut: stdin: Illegal byte sequence
cut: stdin: Illegal byte sequence
cut: stdin: Illegal byte sequence
cut: stdin: Illegal byte sequence
cut: stdin: Illegal byte sequence
cut: stdin: Illegal byte sequence
cut: stdin: Illegal byte sequence
cut: stdin: Illegal byte sequence
START CLAUSE
/Users/taku/works/aozora_scrape/person270/text_processed/45965_21742.html.processed
sed: RE error: illegal byte sequence
sed: RE error: illegal byte sequence
sed: RE error: illegal byte sequence
sed: RE error: illegal byte sequence
sed: RE error: illegal byte sequence
sed: RE error: illegal byte sequence
sed: RE error: illegal byte sequence
cut: stdin: Illegal byte sequence
sed: RE error: illegal byte sequence
sed: RE error: illegal byte sequence
45966_21739.html.processed
/Users/taku/works/aozora_scrape/person270/text_processed/45966_21739.html.processed
START WORD
cut: stdin: Illegal byte sequence
cut: stdin: Illegal byte sequence
cut: stdin: Illegal byte sequence
cut: stdin: Illegal byte sequence
cut: stdin: Illegal byte sequence
cut: stdin: Illegal byte sequence
cut: stdin: Illegal byte sequence
cut: stdin: Illegal byte sequence
cut: stdin: Illegal byte sequence
cut: stdin: Illegal byte sequence
cut: stdin: Illegal byte sequence
cut: stdin: Illegal byte sequence
cut: stdin: Illegal byte sequence
cut: stdin: Illegal byte sequence
cut: stdin: Illegal byte sequence
cut: stdin: Illegal byte sequence
cut: stdin: Illegal byte sequence
START CLAUSE
/Users/taku/works/aozora_scrape/person270/text_processed/45966_21739.html.processed
sed: RE error: illegal byte sequence
sed: RE error: illegal byte sequence
sed: RE error: illegal byte sequence
sed: RE error: illegal byte sequence
sed: RE error: illegal byte sequence
sed: RE error: illegal byte sequence
sed: RE error: illegal byte sequence
sed: RE error: illegal byte sequence
sed: RE error: illegal byte sequence
45967_21740.html.processed
/Users/taku/works/aozora_scrape/person270/text_processed/45967_21740.html.processed
START WORD
cut: stdin: Illegal byte sequence
cut: stdin: Illegal byte sequence
cut: stdin: Illegal byte sequence
cut: stdin: Illegal byte sequence
cut: stdin: Illegal byte sequence
cut: stdin: Illegal byte sequence
cut: stdin: Illegal byte sequence
cut: stdin: Illegal byte sequence
cut: stdin: Illegal byte sequence
cut: stdin: Illegal byte sequence
START CLAUSE
/Users/taku/works/aozora_scrape/person270/text_processed/45967_21740.html.processed
sed: RE error: illegal byte sequence
sed: RE error: illegal byte sequence
sed: RE error: illegal byte sequence
sed: RE error: illegal byte sequence
cut: stdin: Illegal byte sequence
sed: RE error: illegal byte sequence
sed: RE error: illegal byte sequence
45968_24252.html.processed
/Users/taku/works/aozora_scrape/person270/text_processed/45968_24252.html.processed
START WORD
cut: stdin: Illegal byte sequence
cut: stdin: Illegal byte sequence
cut: stdin: Illegal byte sequence
cut: stdin: Illegal byte sequence
START CLAUSE
/Users/taku/works/aozora_scrape/person270/text_processed/45968_24252.html.processed
sed: RE error: illegal byte sequence
sed: RE error: illegal byte sequence
46197_24235.html.processed
/Users/taku/works/aozora_scrape/person270/text_processed/46197_24235.html.processed
START WORD
cut: stdin: Illegal byte sequence
cut: stdin: Illegal byte sequence
cut: stdin: Illegal byte sequence
cut: stdin: Illegal byte sequence
cut: stdin: Illegal byte sequence
cut: stdin: Illegal byte sequence
cut: stdin: Illegal byte sequence
START CLAUSE
/Users/taku/works/aozora_scrape/person270/text_processed/46197_24235.html.processed
sed: RE error: illegal byte sequence
sed: RE error: illegal byte sequence
cut: stdin: Illegal byte sequence
sed: RE error: illegal byte sequence
sed: RE error: illegal byte sequence
sed: RE error: illegal byte sequence
sed: RE error: illegal byte sequence
sed: RE error: illegal byte sequence
sed: RE error: illegal byte sequence
sed: RE error: illegal byte sequence
sed: RE error: illegal byte sequence
46198_24236.html.processed
/Users/taku/works/aozora_scrape/person270/text_processed/46198_24236.html.processed
START WORD
cut: stdin: Illegal byte sequence
cut: stdin: Illegal byte sequence
cut: stdin: Illegal byte sequence
cut: stdin: Illegal byte sequence
cut: stdin: Illegal byte sequence
cut: stdin: Illegal byte sequence
cut: stdin: Illegal byte sequence
cut: stdin: Illegal byte sequence
cut: stdin: Illegal byte sequence
cut: stdin: Illegal byte sequence
cut: stdin: Illegal byte sequence
cut: stdin: Illegal byte sequence
cut: stdin: Illegal byte sequence
cut: stdin: Illegal byte sequence
cut: stdin: Illegal byte sequence
cut: stdin: Illegal byte sequence
cut: stdin: Illegal byte sequence
START CLAUSE
/Users/taku/works/aozora_scrape/person270/text_processed/46198_24236.html.processed
sed: RE error: illegal byte sequence
sed: RE error: illegal byte sequence
sed: RE error: illegal byte sequence
sed: RE error: illegal byte sequence
sed: RE error: illegal byte sequence
sed: RE error: illegal byte sequence
sed: RE error: illegal byte sequence
sed: RE error: illegal byte sequence
sed: RE error: illegal byte sequence
sed: RE error: illegal byte sequence
sed: RE error: illegal byte sequence
sed: RE error: illegal byte sequence
sed: RE error: illegal byte sequence
cut: stdin: Illegal byte sequence
46199_24237.html.processed
/Users/taku/works/aozora_scrape/person270/text_processed/46199_24237.html.processed
START WORD
cut: stdin: Illegal byte sequence
cut: stdin: Illegal byte sequence
cut: stdin: Illegal byte sequence
cut: stdin: Illegal byte sequence
cut: stdin: Illegal byte sequence
cut: stdin: Illegal byte sequence
cut: stdin: Illegal byte sequence
START CLAUSE
/Users/taku/works/aozora_scrape/person270/text_processed/46199_24237.html.processed
46200_24238.html.processed
/Users/taku/works/aozora_scrape/person270/text_processed/46200_24238.html.processed
START WORD
cut: stdin: Illegal byte sequence
cut: stdin: Illegal byte sequence
START CLAUSE
/Users/taku/works/aozora_scrape/person270/text_processed/46200_24238.html.processed
sed: RE error: illegal byte sequence
sed: RE error: illegal byte sequence
46201_24239.html.processed
/Users/taku/works/aozora_scrape/person270/text_processed/46201_24239.html.processed
START WORD
cut: stdin: Illegal byte sequence
cut: stdin: Illegal byte sequence
cut: stdin: Illegal byte sequence
cut: stdin: Illegal byte sequence
cut: stdin: Illegal byte sequence
cut: stdin: Illegal byte sequence
cut: stdin: Illegal byte sequence
START CLAUSE
/Users/taku/works/aozora_scrape/person270/text_processed/46201_24239.html.processed
cut: stdin: Illegal byte sequence
sed: RE error: illegal byte sequence
sed: RE error: illegal byte sequence
sed: RE error: illegal byte sequence
cut: stdin: Illegal byte sequence
46202_24240.html.processed
/Users/taku/works/aozora_scrape/person270/text_processed/46202_24240.html.processed
START WORD
cut: stdin: Illegal byte sequence
cut: stdin: Illegal byte sequence
cut: stdin: Illegal byte sequence
cut: stdin: Illegal byte sequence
cut: stdin: Illegal byte sequence
cut: stdin: Illegal byte sequence
cut: stdin: Illegal byte sequence
cut: stdin: Illegal byte sequence
cut: stdin: Illegal byte sequence
cut: stdin: Illegal byte sequence
cut: stdin: Illegal byte sequence
cut: stdin: Illegal byte sequence
cut: stdin: Illegal byte sequence
cut: stdin: Illegal byte sequence
cut: stdin: Illegal byte sequence
cut: stdin: Illegal byte sequence
cut: stdin: Illegal byte sequence
START CLAUSE
/Users/taku/works/aozora_scrape/person270/text_processed/46202_24240.html.processed
sed: RE error: illegal byte sequence
sed: RE error: illegal byte sequence
sed: RE error: illegal byte sequence
46203_24241.html.processed
/Users/taku/works/aozora_scrape/person270/text_processed/46203_24241.html.processed
START WORD
cut: stdin: Illegal byte sequence
cut: stdin: Illegal byte sequence
START CLAUSE
/Users/taku/works/aozora_scrape/person270/text_processed/46203_24241.html.processed
sed: RE error: illegal byte sequence
46393_24242.html.processed
/Users/taku/works/aozora_scrape/person270/text_processed/46393_24242.html.processed
START WORD
cut: stdin: Illegal byte sequence
cut: stdin: Illegal byte sequence
cut: stdin: Illegal byte sequence
cut: stdin: Illegal byte sequence
cut: stdin: Illegal byte sequence
START CLAUSE
/Users/taku/works/aozora_scrape/person270/text_processed/46393_24242.html.processed
sed: RE error: illegal byte sequence
sed: RE error: illegal byte sequence
sed: RE error: illegal byte sequence
sed: RE error: illegal byte sequence
sed: RE error: illegal byte sequence
sed: RE error: illegal byte sequence
cut: stdin: Illegal byte sequence
cut: stdin: Illegal byte sequence
cut: stdin: Illegal byte sequence
46394_24243.html.processed
/Users/taku/works/aozora_scrape/person270/text_processed/46394_24243.html.processed
START WORD
cut: stdin: Illegal byte sequence
cut: stdin: Illegal byte sequence
cut: stdin: Illegal byte sequence
cut: stdin: Illegal byte sequence
cut: stdin: Illegal byte sequence
START CLAUSE
/Users/taku/works/aozora_scrape/person270/text_processed/46394_24243.html.processed
sed: RE error: illegal byte sequence
sed: RE error: illegal byte sequence
sed: RE error: illegal byte sequence
sed: RE error: illegal byte sequence
sed: RE error: illegal byte sequence
sed: RE error: illegal byte sequence
sed: RE error: illegal byte sequence
sed: RE error: illegal byte sequence
sed: RE error: illegal byte sequence
sed: RE error: illegal byte sequence
46395_24244.html.processed
/Users/taku/works/aozora_scrape/person270/text_processed/46395_24244.html.processed
START WORD
cut: stdin: Illegal byte sequence
START CLAUSE
/Users/taku/works/aozora_scrape/person270/text_processed/46395_24244.html.processed
46396_24245.html.processed
/Users/taku/works/aozora_scrape/person270/text_processed/46396_24245.html.processed
START WORD
cut: stdin: Illegal byte sequence
cut: stdin: Illegal byte sequence
cut: stdin: Illegal byte sequence
cut: stdin: Illegal byte sequence
cut: stdin: Illegal byte sequence
cut: stdin: Illegal byte sequence
cut: stdin: Illegal byte sequence
cut: stdin: Illegal byte sequence
cut: stdin: Illegal byte sequence
cut: stdin: Illegal byte sequence
cut: stdin: Illegal byte sequence
START CLAUSE
/Users/taku/works/aozora_scrape/person270/text_processed/46396_24245.html.processed
sed: RE error: illegal byte sequence
sed: RE error: illegal byte sequence
sed: RE error: illegal byte sequence
sed: RE error: illegal byte sequence
sed: RE error: illegal byte sequence
46397_24246.html.processed
/Users/taku/works/aozora_scrape/person270/text_processed/46397_24246.html.processed
START WORD
cut: stdin: Illegal byte sequence
cut: stdin: Illegal byte sequence
START CLAUSE
/Users/taku/works/aozora_scrape/person270/text_processed/46397_24246.html.processed
sed: RE error: illegal byte sequence
46398_24247.html.processed
/Users/taku/works/aozora_scrape/person270/text_processed/46398_24247.html.processed
START WORD
cut: stdin: Illegal byte sequence
cut: stdin: Illegal byte sequence
cut: stdin: Illegal byte sequence
START CLAUSE
/Users/taku/works/aozora_scrape/person270/text_processed/46398_24247.html.processed
sed: RE error: illegal byte sequence
sed: RE error: illegal byte sequence
sed: RE error: illegal byte sequence
46399_24249.html.processed
/Users/taku/works/aozora_scrape/person270/text_processed/46399_24249.html.processed
START WORD
cut: stdin: Illegal byte sequence
cut: stdin: Illegal byte sequence
cut: stdin: Illegal byte sequence
cut: stdin: Illegal byte sequence
cut: stdin: Illegal byte sequence
cut: stdin: Illegal byte sequence
cut: stdin: Illegal byte sequence
START CLAUSE
/Users/taku/works/aozora_scrape/person270/text_processed/46399_24249.html.processed
sed: RE error: illegal byte sequence
46400_24250.html.processed
/Users/taku/works/aozora_scrape/person270/text_processed/46400_24250.html.processed
START WORD
cut: stdin: Illegal byte sequence
cut: stdin: Illegal byte sequence
cut: stdin: Illegal byte sequence
cut: stdin: Illegal byte sequence
cut: stdin: Illegal byte sequence
cut: stdin: Illegal byte sequence
cut: stdin: Illegal byte sequence
cut: stdin: Illegal byte sequence
cut: stdin: Illegal byte sequence
cut: stdin: Illegal byte sequence
cut: stdin: Illegal byte sequence
cut: stdin: Illegal byte sequence
cut: stdin: Illegal byte sequence
cut: stdin: Illegal byte sequence
cut: stdin: Illegal byte sequence
cut: stdin: Illegal byte sequence
cut: stdin: Illegal byte sequence
cut: stdin: Illegal byte sequence
cut: stdin: Illegal byte sequence
cut: stdin: Illegal byte sequence
cut: stdin: Illegal byte sequence
cut: stdin: Illegal byte sequence
START CLAUSE
/Users/taku/works/aozora_scrape/person270/text_processed/46400_24250.html.processed
sed: RE error: illegal byte sequence
sed: RE error: illegal byte sequence
cut: stdin: Illegal byte sequence
sed: RE error: illegal byte sequence
sed: RE error: illegal byte sequence
sed: RE error: illegal byte sequence
sed: RE error: illegal byte sequence
cut: stdin: Illegal byte sequence
sed: RE error: illegal byte sequence
sed: RE error: illegal byte sequence
sed: RE error: illegal byte sequence
sed: RE error: illegal byte sequence
sed: RE error: illegal byte sequence
sed: RE error: illegal byte sequence
sed: RE error: illegal byte sequence
sed: RE error: illegal byte sequence
sed: RE error: illegal byte sequence
sed: RE error: illegal byte sequence
46401_24251.html.processed
/Users/taku/works/aozora_scrape/person270/text_processed/46401_24251.html.processed
START WORD
cut: stdin: Illegal byte sequence
cut: stdin: Illegal byte sequence
cut: stdin: Illegal byte sequence
cut: stdin: Illegal byte sequence
cut: stdin: Illegal byte sequence
cut: stdin: Illegal byte sequence
START CLAUSE
/Users/taku/works/aozora_scrape/person270/text_processed/46401_24251.html.processed
sed: RE error: illegal byte sequence
sed: RE error: illegal byte sequence
sed: RE error: illegal byte sequence
46538_24253.html.processed
/Users/taku/works/aozora_scrape/person270/text_processed/46538_24253.html.processed
START WORD
cut: stdin: Illegal byte sequence
cut: stdin: Illegal byte sequence
START CLAUSE
/Users/taku/works/aozora_scrape/person270/text_processed/46538_24253.html.processed
sed: RE error: illegal byte sequence
sed: RE error: illegal byte sequence
sed: RE error: illegal byte sequence
sed: RE error: illegal byte sequence
sed: RE error: illegal byte sequence
46539_24254.html.processed
/Users/taku/works/aozora_scrape/person270/text_processed/46539_24254.html.processed
START WORD
cut: stdin: Illegal byte sequence
cut: stdin: Illegal byte sequence
cut: stdin: Illegal byte sequence
cut: stdin: Illegal byte sequence
cut: stdin: Illegal byte sequence
cut: stdin: Illegal byte sequence
START CLAUSE
/Users/taku/works/aozora_scrape/person270/text_processed/46539_24254.html.processed
sed: RE error: illegal byte sequence
sed: RE error: illegal byte sequence
sed: RE error: illegal byte sequence
46540_24255.html.processed
/Users/taku/works/aozora_scrape/person270/text_processed/46540_24255.html.processed
START WORD
cut: stdin: Illegal byte sequence
cut: stdin: Illegal byte sequence
cut: stdin: Illegal byte sequence
START CLAUSE
/Users/taku/works/aozora_scrape/person270/text_processed/46540_24255.html.processed
46541_24256.html.processed
/Users/taku/works/aozora_scrape/person270/text_processed/46541_24256.html.processed
START WORD
cut: stdin: Illegal byte sequence
cut: stdin: Illegal byte sequence
cut: stdin: Illegal byte sequence
cut: stdin: Illegal byte sequence
cut: stdin: Illegal byte sequence
cut: stdin: Illegal byte sequence
cut: stdin: Illegal byte sequence
START CLAUSE
/Users/taku/works/aozora_scrape/person270/text_processed/46541_24256.html.processed
sed: RE error: illegal byte sequence
sed: RE error: illegal byte sequence
sed: RE error: illegal byte sequence
sed: RE error: illegal byte sequence
sed: RE error: illegal byte sequence
sed: RE error: illegal byte sequence
46542_24257.html.processed
/Users/taku/works/aozora_scrape/person270/text_processed/46542_24257.html.processed
START WORD
cut: stdin: Illegal byte sequence
cut: stdin: Illegal byte sequence
START CLAUSE
/Users/taku/works/aozora_scrape/person270/text_processed/46542_24257.html.processed
46543_24258.html.processed
/Users/taku/works/aozora_scrape/person270/text_processed/46543_24258.html.processed
START WORD
cut: stdin: Illegal byte sequence
cut: stdin: Illegal byte sequence
cut: stdin: Illegal byte sequence
cut: stdin: Illegal byte sequence
cut: stdin: Illegal byte sequence
cut: stdin: Illegal byte sequence
cut: stdin: Illegal byte sequence
START CLAUSE
/Users/taku/works/aozora_scrape/person270/text_processed/46543_24258.html.processed
cut: stdin: Illegal byte sequence
sed: RE error: illegal byte sequence
sed: RE error: illegal byte sequence
sed: RE error: illegal byte sequence
sed: RE error: illegal byte sequence
sed: RE error: illegal byte sequence
46544_24259.html.processed
/Users/taku/works/aozora_scrape/person270/text_processed/46544_24259.html.processed
START WORD
cut: stdin: Illegal byte sequence
cut: stdin: Illegal byte sequence
cut: stdin: Illegal byte sequence
cut: stdin: Illegal byte sequence
cut: stdin: Illegal byte sequence
cut: stdin: Illegal byte sequence
cut: stdin: Illegal byte sequence
cut: stdin: Illegal byte sequence
cut: stdin: Illegal byte sequence
cut: stdin: Illegal byte sequence
START CLAUSE
/Users/taku/works/aozora_scrape/person270/text_processed/46544_24259.html.processed
sed: RE error: illegal byte sequence
sed: RE error: illegal byte sequence
sed: RE error: illegal byte sequence
sed: RE error: illegal byte sequence
sed: RE error: illegal byte sequence
sed: RE error: illegal byte sequence
sed: RE error: illegal byte sequence
sed: RE error: illegal byte sequence
46545_24260.html.processed
/Users/taku/works/aozora_scrape/person270/text_processed/46545_24260.html.processed
START WORD
cut: stdin: Illegal byte sequence
cut: stdin: Illegal byte sequence
cut: stdin: Illegal byte sequence
cut: stdin: Illegal byte sequence
cut: stdin: Illegal byte sequence
START CLAUSE
/Users/taku/works/aozora_scrape/person270/text_processed/46545_24260.html.processed
sed: RE error: illegal byte sequence
sed: RE error: illegal byte sequence
cut: stdin: Illegal byte sequence
46546_24261.html.processed
/Users/taku/works/aozora_scrape/person270/text_processed/46546_24261.html.processed
START WORD
cut: stdin: Illegal byte sequence
cut: stdin: Illegal byte sequence
START CLAUSE
/Users/taku/works/aozora_scrape/person270/text_processed/46546_24261.html.processed
sed: RE error: illegal byte sequence
sed: RE error: illegal byte sequence
46637_25176.html.processed
/Users/taku/works/aozora_scrape/person270/text_processed/46637_25176.html.processed
START WORD
cut: stdin: Illegal byte sequence
cut: stdin: Illegal byte sequence
cut: stdin: Illegal byte sequence
cut: stdin: Illegal byte sequence
cut: stdin: Illegal byte sequence
START CLAUSE
/Users/taku/works/aozora_scrape/person270/text_processed/46637_25176.html.processed
sed: RE error: illegal byte sequence
46638_25177.html.processed
/Users/taku/works/aozora_scrape/person270/text_processed/46638_25177.html.processed
START WORD
cut: stdin: Illegal byte sequence
cut: stdin: Illegal byte sequence
cut: stdin: Illegal byte sequence
cut: stdin: Illegal byte sequence
cut: stdin: Illegal byte sequence
cut: stdin: Illegal byte sequence
cut: stdin: Illegal byte sequence
cut: stdin: Illegal byte sequence
cut: stdin: Illegal byte sequence
cut: stdin: Illegal byte sequence
cut: stdin: Illegal byte sequence
cut: stdin: Illegal byte sequence
cut: stdin: Illegal byte sequence
cut: stdin: Illegal byte sequence
cut: stdin: Illegal byte sequence
cut: stdin: Illegal byte sequence
START CLAUSE
/Users/taku/works/aozora_scrape/person270/text_processed/46638_25177.html.processed
sed: RE error: illegal byte sequence
sed: RE error: illegal byte sequence
sed: RE error: illegal byte sequence
sed: RE error: illegal byte sequence
sed: RE error: illegal byte sequence
sed: RE error: illegal byte sequence
sed: RE error: illegal byte sequence
sed: RE error: illegal byte sequence
sed: RE error: illegal byte sequence
sed: RE error: illegal byte sequence
sed: RE error: illegal byte sequence
sed: RE error: illegal byte sequence
sed: RE error: illegal byte sequence
sed: RE error: illegal byte sequence
sed: RE error: illegal byte sequence
46639_25178.html.processed
/Users/taku/works/aozora_scrape/person270/text_processed/46639_25178.html.processed
START WORD
cut: stdin: Illegal byte sequence
cut: stdin: Illegal byte sequence
cut: stdin: Illegal byte sequence
cut: stdin: Illegal byte sequence
cut: stdin: Illegal byte sequence
cut: stdin: Illegal byte sequence
cut: stdin: Illegal byte sequence
cut: stdin: Illegal byte sequence
cut: stdin: Illegal byte sequence
cut: stdin: Illegal byte sequence
cut: stdin: Illegal byte sequence
cut: stdin: Illegal byte sequence
cut: stdin: Illegal byte sequence
cut: stdin: Illegal byte sequence
START CLAUSE
/Users/taku/works/aozora_scrape/person270/text_processed/46639_25178.html.processed
sed: RE error: illegal byte sequence
sed: RE error: illegal byte sequence
sed: RE error: illegal byte sequence
46640_25179.html.processed
/Users/taku/works/aozora_scrape/person270/text_processed/46640_25179.html.processed
START WORD
START CLAUSE
/Users/taku/works/aozora_scrape/person270/text_processed/46640_25179.html.processed
46641_25180.html.processed
/Users/taku/works/aozora_scrape/person270/text_processed/46641_25180.html.processed
START WORD
cut: stdin: Illegal byte sequence
START CLAUSE
/Users/taku/works/aozora_scrape/person270/text_processed/46641_25180.html.processed
46642_25181.html.processed
/Users/taku/works/aozora_scrape/person270/text_processed/46642_25181.html.processed
START WORD
cut: stdin: Illegal byte sequence
cut: stdin: Illegal byte sequence
cut: stdin: Illegal byte sequence
cut: stdin: Illegal byte sequence
cut: stdin: Illegal byte sequence
START CLAUSE
/Users/taku/works/aozora_scrape/person270/text_processed/46642_25181.html.processed
sed: RE error: illegal byte sequence
cut: stdin: Illegal byte sequence
46760_25749.html.processed
/Users/taku/works/aozora_scrape/person270/text_processed/46760_25749.html.processed
START WORD
cut: stdin: Illegal byte sequence
cut: stdin: Illegal byte sequence
cut: stdin: Illegal byte sequence
cut: stdin: Illegal byte sequence
cut: stdin: Illegal byte sequence
cut: stdin: Illegal byte sequence
cut: stdin: Illegal byte sequence
cut: stdin: Illegal byte sequence
cut: stdin: Illegal byte sequence
cut: stdin: Illegal byte sequence
cut: stdin: Illegal byte sequence
cut: stdin: Illegal byte sequence
cut: stdin: Illegal byte sequence
cut: stdin: Illegal byte sequence
cut: stdin: Illegal byte sequence
cut: stdin: Illegal byte sequence
cut: stdin: Illegal byte sequence
cut: stdin: Illegal byte sequence
cut: stdin: Illegal byte sequence
cut: stdin: Illegal byte sequence
cut: stdin: Illegal byte sequence
cut: stdin: Illegal byte sequence
cut: stdin: Illegal byte sequence
cut: stdin: Illegal byte sequence
cut: stdin: Illegal byte sequence
cut: stdin: Illegal byte sequence
cut: stdin: Illegal byte sequence
cut: stdin: Illegal byte sequence
cut: stdin: Illegal byte sequence
cut: stdin: Illegal byte sequence
cut: stdin: Illegal byte sequence
cut: stdin: Illegal byte sequence
cut: stdin: Illegal byte sequence
cut: stdin: Illegal byte sequence
cut: stdin: Illegal byte sequence
cut: stdin: Illegal byte sequence
cut: stdin: Illegal byte sequence
START CLAUSE
/Users/taku/works/aozora_scrape/person270/text_processed/46760_25749.html.processed
cut: stdin: Illegal byte sequence
sed: RE error: illegal byte sequence
sed: RE error: illegal byte sequence
cut: stdin: Illegal byte sequence
sed: RE error: illegal byte sequence
sed: RE error: illegal byte sequence
cut: stdin: Illegal byte sequence
sed: RE error: illegal byte sequence
sed: RE error: illegal byte sequence
sed: RE error: illegal byte sequence
sed: RE error: illegal byte sequence
sed: RE error: illegal byte sequence
46761_25750.html.processed
/Users/taku/works/aozora_scrape/person270/text_processed/46761_25750.html.processed
START WORD
cut: stdin: Illegal byte sequence
cut: stdin: Illegal byte sequence
cut: stdin: Illegal byte sequence
cut: stdin: Illegal byte sequence
cut: stdin: Illegal byte sequence
cut: stdin: Illegal byte sequence
cut: stdin: Illegal byte sequence
cut: stdin: Illegal byte sequence
cut: stdin: Illegal byte sequence
cut: stdin: Illegal byte sequence
cut: stdin: Illegal byte sequence
cut: stdin: Illegal byte sequence
cut: stdin: Illegal byte sequence
cut: stdin: Illegal byte sequence
START CLAUSE
/Users/taku/works/aozora_scrape/person270/text_processed/46761_25750.html.processed
sed: RE error: illegal byte sequence
sed: RE error: illegal byte sequence
cut: stdin: Illegal byte sequence
46762_25751.html.processed
/Users/taku/works/aozora_scrape/person270/text_processed/46762_25751.html.processed
START WORD
cut: stdin: Illegal byte sequence
cut: stdin: Illegal byte sequence
cut: stdin: Illegal byte sequence
cut: stdin: Illegal byte sequence
cut: stdin: Illegal byte sequence
cut: stdin: Illegal byte sequence
START CLAUSE
/Users/taku/works/aozora_scrape/person270/text_processed/46762_25751.html.processed
sed: RE error: illegal byte sequence
sed: RE error: illegal byte sequence
sed: RE error: illegal byte sequence
sed: RE error: illegal byte sequence
sed: RE error: illegal byte sequence
sed: RE error: illegal byte sequence
sed: RE error: illegal byte sequence
sed: RE error: illegal byte sequence
sed: RE error: illegal byte sequence
sed: RE error: illegal byte sequence
sed: RE error: illegal byte sequence
46763_25752.html.processed
/Users/taku/works/aozora_scrape/person270/text_processed/46763_25752.html.processed
START WORD
cut: stdin: Illegal byte sequence
cut: stdin: Illegal byte sequence
cut: stdin: Illegal byte sequence
cut: stdin: Illegal byte sequence
cut: stdin: Illegal byte sequence
cut: stdin: Illegal byte sequence
cut: stdin: Illegal byte sequence
cut: stdin: Illegal byte sequence
cut: stdin: Illegal byte sequence
START CLAUSE
/Users/taku/works/aozora_scrape/person270/text_processed/46763_25752.html.processed
sed: RE error: illegal byte sequence
sed: RE error: illegal byte sequence
sed: RE error: illegal byte sequence
sed: RE error: illegal byte sequence
sed: RE error: illegal byte sequence
sed: RE error: illegal byte sequence
sed: RE error: illegal byte sequence
sed: RE error: illegal byte sequence
46764_25753.html.processed
/Users/taku/works/aozora_scrape/person270/text_processed/46764_25753.html.processed
START WORD
cut: stdin: Illegal byte sequence
cut: stdin: Illegal byte sequence
cut: stdin: Illegal byte sequence
cut: stdin: Illegal byte sequence
cut: stdin: Illegal byte sequence
cut: stdin: Illegal byte sequence
cut: stdin: Illegal byte sequence
cut: stdin: Illegal byte sequence
cut: stdin: Illegal byte sequence
cut: stdin: Illegal byte sequence
cut: stdin: Illegal byte sequence
cut: stdin: Illegal byte sequence
START CLAUSE
/Users/taku/works/aozora_scrape/person270/text_processed/46764_25753.html.processed
sed: RE error: illegal byte sequence
sed: RE error: illegal byte sequence
sed: RE error: illegal byte sequence
sed: RE error: illegal byte sequence
sed: RE error: illegal byte sequence
sed: RE error: illegal byte sequence
sed: RE error: illegal byte sequence
sed: RE error: illegal byte sequence
sed: RE error: illegal byte sequence
sed: RE error: illegal byte sequence
46836_26161.html.processed
/Users/taku/works/aozora_scrape/person270/text_processed/46836_26161.html.processed
START WORD
cut: stdin: Illegal byte sequence
cut: stdin: Illegal byte sequence
cut: stdin: Illegal byte sequence
cut: stdin: Illegal byte sequence
cut: stdin: Illegal byte sequence
cut: stdin: Illegal byte sequence
cut: stdin: Illegal byte sequence
START CLAUSE
/Users/taku/works/aozora_scrape/person270/text_processed/46836_26161.html.processed
sed: RE error: illegal byte sequence
sed: RE error: illegal byte sequence
sed: RE error: illegal byte sequence
46837_26162.html.processed
/Users/taku/works/aozora_scrape/person270/text_processed/46837_26162.html.processed
START WORD
cut: stdin: Illegal byte sequence
cut: stdin: Illegal byte sequence
cut: stdin: Illegal byte sequence
cut: stdin: Illegal byte sequence
cut: stdin: Illegal byte sequence
cut: stdin: Illegal byte sequence
cut: stdin: Illegal byte sequence
cut: stdin: Illegal byte sequence
cut: stdin: Illegal byte sequence
cut: stdin: Illegal byte sequence
cut: stdin: Illegal byte sequence
cut: stdin: Illegal byte sequence
START CLAUSE
/Users/taku/works/aozora_scrape/person270/text_processed/46837_26162.html.processed
sed: RE error: illegal byte sequence
sed: RE error: illegal byte sequence
sed: RE error: illegal byte sequence
cut: stdin: Illegal byte sequence
46838_26163.html.processed
/Users/taku/works/aozora_scrape/person270/text_processed/46838_26163.html.processed
START WORD
cut: stdin: Illegal byte sequence
cut: stdin: Illegal byte sequence
cut: stdin: Illegal byte sequence
cut: stdin: Illegal byte sequence
START CLAUSE
/Users/taku/works/aozora_scrape/person270/text_processed/46838_26163.html.processed
sed: RE error: illegal byte sequence
sed: RE error: illegal byte sequence
46839_26164.html.processed
/Users/taku/works/aozora_scrape/person270/text_processed/46839_26164.html.processed
START WORD
cut: stdin: Illegal byte sequence
cut: stdin: Illegal byte sequence
START CLAUSE
/Users/taku/works/aozora_scrape/person270/text_processed/46839_26164.html.processed
sed: RE error: illegal byte sequence
sed: RE error: illegal byte sequence
sed: RE error: illegal byte sequence
sed: RE error: illegal byte sequence
sed: RE error: illegal byte sequence
sed: RE error: illegal byte sequence
46840_26165.html.processed
/Users/taku/works/aozora_scrape/person270/text_processed/46840_26165.html.processed
START WORD
cut: stdin: Illegal byte sequence
cut: stdin: Illegal byte sequence
cut: stdin: Illegal byte sequence
cut: stdin: Illegal byte sequence
cut: stdin: Illegal byte sequence
cut: stdin: Illegal byte sequence
START CLAUSE
/Users/taku/works/aozora_scrape/person270/text_processed/46840_26165.html.processed
sed: RE error: illegal byte sequence
sed: RE error: illegal byte sequence
sed: RE error: illegal byte sequence
cut: stdin: Illegal byte sequence
sed: RE error: illegal byte sequence
46841_26166.html.processed
/Users/taku/works/aozora_scrape/person270/text_processed/46841_26166.html.processed
START WORD
cut: stdin: Illegal byte sequence
cut: stdin: Illegal byte sequence
cut: stdin: Illegal byte sequence
cut: stdin: Illegal byte sequence
cut: stdin: Illegal byte sequence
cut: stdin: Illegal byte sequence
START CLAUSE
/Users/taku/works/aozora_scrape/person270/text_processed/46841_26166.html.processed
sed: RE error: illegal byte sequence
sed: RE error: illegal byte sequence
sed: RE error: illegal byte sequence
sed: RE error: illegal byte sequence
sed: RE error: illegal byte sequence
sed: RE error: illegal byte sequence
46842_26167.html.processed
/Users/taku/works/aozora_scrape/person270/text_processed/46842_26167.html.processed
START WORD
cut: stdin: Illegal byte sequence
cut: stdin: Illegal byte sequence
cut: stdin: Illegal byte sequence
START CLAUSE
/Users/taku/works/aozora_scrape/person270/text_processed/46842_26167.html.processed
sed: RE error: illegal byte sequence
46843_26168.html.processed
/Users/taku/works/aozora_scrape/person270/text_processed/46843_26168.html.processed
START WORD
cut: stdin: Illegal byte sequence
cut: stdin: Illegal byte sequence
cut: stdin: Illegal byte sequence
cut: stdin: Illegal byte sequence
cut: stdin: Illegal byte sequence
cut: stdin: Illegal byte sequence
cut: stdin: Illegal byte sequence
cut: stdin: Illegal byte sequence
cut: stdin: Illegal byte sequence
cut: stdin: Illegal byte sequence
cut: stdin: Illegal byte sequence
cut: stdin: Illegal byte sequence
cut: stdin: Illegal byte sequence
cut: stdin: Illegal byte sequence
cut: stdin: Illegal byte sequence
cut: stdin: Illegal byte sequence
cut: stdin: Illegal byte sequence
cut: stdin: Illegal byte sequence
cut: stdin: Illegal byte sequence
cut: stdin: Illegal byte sequence
cut: stdin: Illegal byte sequence
cut: stdin: Illegal byte sequence
cut: stdin: Illegal byte sequence
cut: stdin: Illegal byte sequence
cut: stdin: Illegal byte sequence
cut: stdin: Illegal byte sequence
cut: stdin: Illegal byte sequence
cut: stdin: Illegal byte sequence
cut: stdin: Illegal byte sequence
cut: stdin: Illegal byte sequence
cut: stdin: Illegal byte sequence
cut: stdin: Illegal byte sequence
cut: stdin: Illegal byte sequence
cut: stdin: Illegal byte sequence
cut: stdin: Illegal byte sequence
START CLAUSE
/Users/taku/works/aozora_scrape/person270/text_processed/46843_26168.html.processed
sed: RE error: illegal byte sequence
sed: RE error: illegal byte sequence
sed: RE error: illegal byte sequence
sed: RE error: illegal byte sequence
sed: RE error: illegal byte sequence
sed: RE error: illegal byte sequence
sed: RE error: illegal byte sequence
sed: RE error: illegal byte sequence
sed: RE error: illegal byte sequence
sed: RE error: illegal byte sequence
sed: RE error: illegal byte sequence
sed: RE error: illegal byte sequence
sed: RE error: illegal byte sequence
cut: stdin: Illegal byte sequence
sed: RE error: illegal byte sequence
sed: RE error: illegal byte sequence
sed: RE error: illegal byte sequence
sed: RE error: illegal byte sequence
sed: RE error: illegal byte sequence
sed: RE error: illegal byte sequence
sed: RE error: illegal byte sequence
sed: RE error: illegal byte sequence
46844_26169.html.processed
/Users/taku/works/aozora_scrape/person270/text_processed/46844_26169.html.processed
START WORD
cut: stdin: Illegal byte sequence
cut: stdin: Illegal byte sequence
cut: stdin: Illegal byte sequence
cut: stdin: Illegal byte sequence
cut: stdin: Illegal byte sequence
cut: stdin: Illegal byte sequence
cut: stdin: Illegal byte sequence
cut: stdin: Illegal byte sequence
cut: stdin: Illegal byte sequence
START CLAUSE
/Users/taku/works/aozora_scrape/person270/text_processed/46844_26169.html.processed
sed: RE error: illegal byte sequence
sed: RE error: illegal byte sequence
sed: RE error: illegal byte sequence
47003_26574.html.processed
/Users/taku/works/aozora_scrape/person270/text_processed/47003_26574.html.processed
START WORD
cut: stdin: Illegal byte sequence
cut: stdin: Illegal byte sequence
cut: stdin: Illegal byte sequence
cut: stdin: Illegal byte sequence
cut: stdin: Illegal byte sequence
cut: stdin: Illegal byte sequence
cut: stdin: Illegal byte sequence
cut: stdin: Illegal byte sequence
cut: stdin: Illegal byte sequence
cut: stdin: Illegal byte sequence
cut: stdin: Illegal byte sequence
cut: stdin: Illegal byte sequence
cut: stdin: Illegal byte sequence
cut: stdin: Illegal byte sequence
cut: stdin: Illegal byte sequence
cut: stdin: Illegal byte sequence
cut: stdin: Illegal byte sequence
cut: stdin: Illegal byte sequence
cut: stdin: Illegal byte sequence
START CLAUSE
/Users/taku/works/aozora_scrape/person270/text_processed/47003_26574.html.processed
cut: stdin: Illegal byte sequence
sed: RE error: illegal byte sequence
sed: RE error: illegal byte sequence
sed: RE error: illegal byte sequence
sed: RE error: illegal byte sequence
sed: RE error: illegal byte sequence
sed: RE error: illegal byte sequence
sed: RE error: illegal byte sequence
sed: RE error: illegal byte sequence
sed: RE error: illegal byte sequence
sed: RE error: illegal byte sequence
sed: RE error: illegal byte sequence
sed: RE error: illegal byte sequence
sed: RE error: illegal byte sequence
sed: RE error: illegal byte sequence
cut: stdin: Illegal byte sequence
47004_26575.html.processed
/Users/taku/works/aozora_scrape/person270/text_processed/47004_26575.html.processed
START WORD
cut: stdin: Illegal byte sequence
cut: stdin: Illegal byte sequence
START CLAUSE
/Users/taku/works/aozora_scrape/person270/text_processed/47004_26575.html.processed
cut: stdin: Illegal byte sequence
47005_26576.html.processed
/Users/taku/works/aozora_scrape/person270/text_processed/47005_26576.html.processed
START WORD
cut: stdin: Illegal byte sequence
cut: stdin: Illegal byte sequence
cut: stdin: Illegal byte sequence
cut: stdin: Illegal byte sequence
cut: stdin: Illegal byte sequence
cut: stdin: Illegal byte sequence
cut: stdin: Illegal byte sequence
cut: stdin: Illegal byte sequence
cut: stdin: Illegal byte sequence
cut: stdin: Illegal byte sequence
START CLAUSE
/Users/taku/works/aozora_scrape/person270/text_processed/47005_26576.html.processed
sed: RE error: illegal byte sequence
sed: RE error: illegal byte sequence
cut: stdin: Illegal byte sequence
cut: stdin: Illegal byte sequence
sed: RE error: illegal byte sequence
sed: RE error: illegal byte sequence
47006_26577.html.processed
/Users/taku/works/aozora_scrape/person270/text_processed/47006_26577.html.processed
START WORD
cut: stdin: Illegal byte sequence
cut: stdin: Illegal byte sequence
cut: stdin: Illegal byte sequence
START CLAUSE
/Users/taku/works/aozora_scrape/person270/text_processed/47006_26577.html.processed
sed: RE error: illegal byte sequence
sed: RE error: illegal byte sequence
sed: RE error: illegal byte sequence
47007_26578.html.processed
/Users/taku/works/aozora_scrape/person270/text_processed/47007_26578.html.processed
START WORD
cut: stdin: Illegal byte sequence
cut: stdin: Illegal byte sequence
cut: stdin: Illegal byte sequence
cut: stdin: Illegal byte sequence
cut: stdin: Illegal byte sequence
cut: stdin: Illegal byte sequence
cut: stdin: Illegal byte sequence
cut: stdin: Illegal byte sequence
cut: stdin: Illegal byte sequence
cut: stdin: Illegal byte sequence
cut: stdin: Illegal byte sequence
cut: stdin: Illegal byte sequence
cut: stdin: Illegal byte sequence
cut: stdin: Illegal byte sequence
cut: stdin: Illegal byte sequence
cut: stdin: Illegal byte sequence
cut: stdin: Illegal byte sequence
cut: stdin: Illegal byte sequence
cut: stdin: Illegal byte sequence
START CLAUSE
/Users/taku/works/aozora_scrape/person270/text_processed/47007_26578.html.processed
cut: stdin: Illegal byte sequence
sed: RE error: illegal byte sequence
cut: stdin: Illegal byte sequence
sed: RE error: illegal byte sequence
sed: RE error: illegal byte sequence
sed: RE error: illegal byte sequence
sed: RE error: illegal byte sequence
sed: RE error: illegal byte sequence
sed: RE error: illegal byte sequence
sed: RE error: illegal byte sequence
sed: RE error: illegal byte sequence
sed: RE error: illegal byte sequence
sed: RE error: illegal byte sequence
47008_26581.html.processed
/Users/taku/works/aozora_scrape/person270/text_processed/47008_26581.html.processed
START WORD
cut: stdin: Illegal byte sequence
cut: stdin: Illegal byte sequence
cut: stdin: Illegal byte sequence
START CLAUSE
/Users/taku/works/aozora_scrape/person270/text_processed/47008_26581.html.processed
cut: stdin: Illegal byte sequence
47009_26579.html.processed
/Users/taku/works/aozora_scrape/person270/text_processed/47009_26579.html.processed
START WORD
START CLAUSE
/Users/taku/works/aozora_scrape/person270/text_processed/47009_26579.html.processed
47010_26580.html.processed
/Users/taku/works/aozora_scrape/person270/text_processed/47010_26580.html.processed
START WORD
cut: stdin: Illegal byte sequence
cut: stdin: Illegal byte sequence
cut: stdin: Illegal byte sequence
cut: stdin: Illegal byte sequence
START CLAUSE
/Users/taku/works/aozora_scrape/person270/text_processed/47010_26580.html.processed
sed: RE error: illegal byte sequence
sed: RE error: illegal byte sequence
cut: stdin: Illegal byte sequence
47035_26815.html.processed
/Users/taku/works/aozora_scrape/person270/text_processed/47035_26815.html.processed
START WORD
cut: stdin: Illegal byte sequence
cut: stdin: Illegal byte sequence
cut: stdin: Illegal byte sequence
cut: stdin: Illegal byte sequence
cut: stdin: Illegal byte sequence
cut: stdin: Illegal byte sequence
cut: stdin: Illegal byte sequence
cut: stdin: Illegal byte sequence
cut: stdin: Illegal byte sequence
cut: stdin: Illegal byte sequence
cut: stdin: Illegal byte sequence
cut: stdin: Illegal byte sequence
cut: stdin: Illegal byte sequence
cut: stdin: Illegal byte sequence
cut: stdin: Illegal byte sequence
cut: stdin: Illegal byte sequence
cut: stdin: Illegal byte sequence
cut: stdin: Illegal byte sequence
cut: stdin: Illegal byte sequence
cut: stdin: Illegal byte sequence
cut: stdin: Illegal byte sequence
cut: stdin: Illegal byte sequence
cut: stdin: Illegal byte sequence
START CLAUSE
/Users/taku/works/aozora_scrape/person270/text_processed/47035_26815.html.processed
cut: stdin: Illegal byte sequence
cut: stdin: Illegal byte sequence
cut: stdin: Illegal byte sequence
cut: stdin: Illegal byte sequence
sed: RE error: illegal byte sequence
sed: RE error: illegal byte sequence
sed: RE error: illegal byte sequence
sed: RE error: illegal byte sequence
sed: RE error: illegal byte sequence
sed: RE error: illegal byte sequence
47036_26816.html.processed
/Users/taku/works/aozora_scrape/person270/text_processed/47036_26816.html.processed
START WORD
cut: stdin: Illegal byte sequence
cut: stdin: Illegal byte sequence
cut: stdin: Illegal byte sequence
cut: stdin: Illegal byte sequence
cut: stdin: Illegal byte sequence
cut: stdin: Illegal byte sequence
cut: stdin: Illegal byte sequence
cut: stdin: Illegal byte sequence
cut: stdin: Illegal byte sequence
cut: stdin: Illegal byte sequence
cut: stdin: Illegal byte sequence
cut: stdin: Illegal byte sequence
cut: stdin: Illegal byte sequence
cut: stdin: Illegal byte sequence
cut: stdin: Illegal byte sequence
cut: stdin: Illegal byte sequence
cut: stdin: Illegal byte sequence
cut: stdin: Illegal byte sequence
START CLAUSE
/Users/taku/works/aozora_scrape/person270/text_processed/47036_26816.html.processed
sed: RE error: illegal byte sequence
sed: RE error: illegal byte sequence
sed: RE error: illegal byte sequence
sed: RE error: illegal byte sequence
sed: RE error: illegal byte sequence
sed: RE error: illegal byte sequence
cut: stdin: Illegal byte sequence
sed: RE error: illegal byte sequence
sed: RE error: illegal byte sequence
sed: RE error: illegal byte sequence
sed: RE error: illegal byte sequence
sed: RE error: illegal byte sequence
sed: RE error: illegal byte sequence
sed: RE error: illegal byte sequence
sed: RE error: illegal byte sequence
cut: stdin: Illegal byte sequence
sed: RE error: illegal byte sequence
cut: stdin: Illegal byte sequence
47037_26817.html.processed
/Users/taku/works/aozora_scrape/person270/text_processed/47037_26817.html.processed
START WORD
cut: stdin: Illegal byte sequence
cut: stdin: Illegal byte sequence
cut: stdin: Illegal byte sequence
cut: stdin: Illegal byte sequence
cut: stdin: Illegal byte sequence
START CLAUSE
/Users/taku/works/aozora_scrape/person270/text_processed/47037_26817.html.processed
sed: RE error: illegal byte sequence
sed: RE error: illegal byte sequence
sed: RE error: illegal byte sequence
sed: RE error: illegal byte sequence
sed: RE error: illegal byte sequence
sed: RE error: illegal byte sequence
cut: stdin: Illegal byte sequence
47038_26818.html.processed
/Users/taku/works/aozora_scrape/person270/text_processed/47038_26818.html.processed
START WORD
cut: stdin: Illegal byte sequence
cut: stdin: Illegal byte sequence
cut: stdin: Illegal byte sequence
cut: stdin: Illegal byte sequence
cut: stdin: Illegal byte sequence
cut: stdin: Illegal byte sequence
cut: stdin: Illegal byte sequence
cut: stdin: Illegal byte sequence
cut: stdin: Illegal byte sequence
cut: stdin: Illegal byte sequence
cut: stdin: Illegal byte sequence
cut: stdin: Illegal byte sequence
START CLAUSE
/Users/taku/works/aozora_scrape/person270/text_processed/47038_26818.html.processed
cut: stdin: Illegal byte sequence
sed: RE error: illegal byte sequence
cut: stdin: Illegal byte sequence
47039_26819.html.processed
/Users/taku/works/aozora_scrape/person270/text_processed/47039_26819.html.processed
START WORD
cut: stdin: Illegal byte sequence
cut: stdin: Illegal byte sequence
cut: stdin: Illegal byte sequence
cut: stdin: Illegal byte sequence
cut: stdin: Illegal byte sequence
cut: stdin: Illegal byte sequence
cut: stdin: Illegal byte sequence
cut: stdin: Illegal byte sequence
cut: stdin: Illegal byte sequence
cut: stdin: Illegal byte sequence
START CLAUSE
/Users/taku/works/aozora_scrape/person270/text_processed/47039_26819.html.processed
sed: RE error: illegal byte sequence
47040_26820.html.processed
/Users/taku/works/aozora_scrape/person270/text_processed/47040_26820.html.processed
START WORD
cut: stdin: Illegal byte sequence
cut: stdin: Illegal byte sequence
cut: stdin: Illegal byte sequence
cut: stdin: Illegal byte sequence
cut: stdin: Illegal byte sequence
cut: stdin: Illegal byte sequence
cut: stdin: Illegal byte sequence
cut: stdin: Illegal byte sequence
cut: stdin: Illegal byte sequence
cut: stdin: Illegal byte sequence
cut: stdin: Illegal byte sequence
cut: stdin: Illegal byte sequence
cut: stdin: Illegal byte sequence
cut: stdin: Illegal byte sequence
cut: stdin: Illegal byte sequence
cut: stdin: Illegal byte sequence
cut: stdin: Illegal byte sequence
cut: stdin: Illegal byte sequence
START CLAUSE
/Users/taku/works/aozora_scrape/person270/text_processed/47040_26820.html.processed
sed: RE error: illegal byte sequence
sed: RE error: illegal byte sequence
cut: stdin: Illegal byte sequence
sed: RE error: illegal byte sequence
sed: RE error: illegal byte sequence
sed: RE error: illegal byte sequence
sed: RE error: illegal byte sequence
sed: RE error: illegal byte sequence
sed: RE error: illegal byte sequence
cut: stdin: Illegal byte sequence
sed: RE error: illegal byte sequence
sed: RE error: illegal byte sequence
sed: RE error: illegal byte sequence
sed: RE error: illegal byte sequence
sed: RE error: illegal byte sequence
sed: RE error: illegal byte sequence
sed: RE error: illegal byte sequence
cut: stdin: Illegal byte sequence
47041_26821.html.processed
/Users/taku/works/aozora_scrape/person270/text_processed/47041_26821.html.processed
START WORD
cut: stdin: Illegal byte sequence
cut: stdin: Illegal byte sequence
cut: stdin: Illegal byte sequence
cut: stdin: Illegal byte sequence
cut: stdin: Illegal byte sequence
cut: stdin: Illegal byte sequence
cut: stdin: Illegal byte sequence
cut: stdin: Illegal byte sequence
cut: stdin: Illegal byte sequence
cut: stdin: Illegal byte sequence
cut: stdin: Illegal byte sequence
START CLAUSE
/Users/taku/works/aozora_scrape/person270/text_processed/47041_26821.html.processed
sed: RE error: illegal byte sequence
sed: RE error: illegal byte sequence
sed: RE error: illegal byte sequence
sed: RE error: illegal byte sequence
sed: RE error: illegal byte sequence
sed: RE error: illegal byte sequence
sed: RE error: illegal byte sequence
sed: RE error: illegal byte sequence
sed: RE error: illegal byte sequence
sed: RE error: illegal byte sequence
sed: RE error: illegal byte sequence
sed: RE error: illegal byte sequence
sed: RE error: illegal byte sequence
sed: RE error: illegal byte sequence
sed: RE error: illegal byte sequence
sed: RE error: illegal byte sequence
sed: RE error: illegal byte sequence
